2020-04-06 00:00:42.870  INFO 5596 --- [restartedMain] com.infy.ekart.EKartApplication          : Starting EKartApplication on THANEESH with PID 5596 (C:\Users\Likitha\Downloads\EKart_Server\EKart_Server\target\classes started by Likitha in C:\Users\Likitha\Downloads\EKart_Server\EKart_Server)
2020-04-06 00:00:42.892  INFO 5596 --- [restartedMain] com.infy.ekart.EKartApplication          : No active profile set, falling back to default profiles: default
2020-04-06 00:00:43.481  INFO 5596 --- [restartedMain] .e.DevToolsPropertyDefaultsPostProcessor : Devtools property defaults active! Set 'spring.devtools.add-properties' to 'false' to disable
2020-04-06 00:00:43.481  INFO 5596 --- [restartedMain] .e.DevToolsPropertyDefaultsPostProcessor : For additional web related logging consider setting the 'logging.level.web' property to 'DEBUG'
2020-04-06 00:00:53.302  INFO 5596 --- [restartedMain] .s.d.r.c.RepositoryConfigurationDelegate : Bootstrapping Spring Data repositories in DEFAULT mode.
2020-04-06 00:00:53.374  INFO 5596 --- [restartedMain] .s.d.r.c.RepositoryConfigurationDelegate : Finished Spring Data repository scanning in 49ms. Found 0 repository interfaces.
2020-04-06 00:00:54.696  INFO 5596 --- [restartedMain] trationDelegate$BeanPostProcessorChecker : Bean 'org.springframework.transaction.annotation.ProxyTransactionManagementConfiguration' of type [org.springframework.transaction.annotation.ProxyTransactionManagementConfiguration$$EnhancerBySpringCGLIB$$8cf6c0e7] is not eligible for getting processed by all BeanPostProcessors (for example: not eligible for auto-proxying)
2020-04-06 00:00:58.715  INFO 5596 --- [restartedMain] o.s.b.w.embedded.tomcat.TomcatWebServer  : Tomcat initialized with port(s): 3333 (http)
2020-04-06 00:00:58.812  INFO 5596 --- [restartedMain] o.apache.catalina.core.StandardService   : Starting service [Tomcat]
2020-04-06 00:00:58.813  INFO 5596 --- [restartedMain] org.apache.catalina.core.StandardEngine  : Starting Servlet Engine: Apache Tomcat/9.0.13
2020-04-06 00:00:58.843  INFO 5596 --- [restartedMain] o.a.catalina.core.AprLifecycleListener   : The APR based Apache Tomcat Native library which allows optimal performance in production environments was not found on the java.library.path: [C:\Program Files\AdoptOpenJDK\jdk-8.0.242.08-openj9\jre\bin\compressedrefs;C:\Program Files\AdoptOpenJDK\jdk-8.0.242.08-openj9\jre\bin;C:\Windows\system32;C:\Windows;C:/Program Files/AdoptOpenJDK/jdk-8.0.242.08-openj9/bin/../jre/bin/j9vm;C:/Program Files/AdoptOpenJDK/jdk-8.0.242.08-openj9/bin/../jre/bin;C:/Program Files/AdoptOpenJDK/jdk-8.0.242.08-openj9/bin/../jre/lib/amd64;C:\Program Files\AdoptOpenJDK\jdk-8.0.242.08-openj9\bin;C:\Users\Likitha\Downloads\apache-maven-3.6.3-bin\apache-maven-3.6.3\bin;C:\Program Files\apache-maven-3.6.3-bin\apache-maven-3.6.3\bin;C:\Program Files\nodejs\;C:\Users\Likitha\Desktop\xampp\mysql\bin;C:\Program Files\Git\cmd;C:\Users\Likitha\Desktop\New folder\mysql\bin;C:\Program Files\apache-maven-3.6.3-bin\apache-maven-3.6.3\bin;C:\Users\Likitha\AppData\Local\Programs\Microsoft VS Code\bin;C:\Users\Likitha\AppData\Roaming\npm;C:\Users\Likitha\Downloads\eclipse-jee-2019-09-R-win32-x86_64\eclipse;;.]
2020-04-06 00:00:59.796  INFO 5596 --- [restartedMain] o.a.c.c.C.[.[localhost].[/EKart_Server]  : Initializing Spring embedded WebApplicationContext
2020-04-06 00:00:59.799  INFO 5596 --- [restartedMain] o.s.web.context.ContextLoader            : Root WebApplicationContext: initialization completed in 16316 ms
2020-04-06 00:01:00.566  INFO 5596 --- [restartedMain] com.zaxxer.hikari.HikariDataSource       : HikariPool-1 - Starting...
2020-04-06 00:01:03.616  INFO 5596 --- [restartedMain] com.zaxxer.hikari.HikariDataSource       : HikariPool-1 - Start completed.
2020-04-06 00:01:04.211  INFO 5596 --- [restartedMain] o.hibernate.jpa.internal.util.LogHelper  : HHH000204: Processing PersistenceUnitInfo [
	name: default
	...]
2020-04-06 00:01:04.540  INFO 5596 --- [restartedMain] org.hibernate.Version                    : HHH000412: Hibernate Core {5.3.7.Final}
2020-04-06 00:01:04.543  INFO 5596 --- [restartedMain] org.hibernate.cfg.Environment            : HHH000206: hibernate.properties not found
2020-04-06 00:01:05.376  INFO 5596 --- [restartedMain] o.hibernate.annotations.common.Version   : HCANN000001: Hibernate Commons Annotations {5.0.4.Final}
2020-04-06 00:01:06.268  INFO 5596 --- [restartedMain] org.hibernate.dialect.Dialect            : HHH000400: Using dialect: org.hibernate.dialect.MySQL5Dialect
2020-04-06 00:01:09.206  INFO 5596 --- [restartedMain] j.LocalContainerEntityManagerFactoryBean : Initialized JPA EntityManagerFactory for persistence unit 'default'
2020-04-06 00:01:10.813  INFO 5596 --- [restartedMain] pertySourcedRequestMappingHandlerMapping : Mapped URL path [/v2/api-docs] onto method [public org.springframework.http.ResponseEntity<springfox.documentation.spring.web.json.Json> springfox.documentation.swagger2.web.Swagger2Controller.getDocumentation(java.lang.String,javax.servlet.http.HttpServletRequest)]
2020-04-06 00:01:11.243  INFO 5596 --- [restartedMain] o.s.b.d.a.OptionalLiveReloadServer       : LiveReload server is running on port 35729
2020-04-06 00:01:11.734  WARN 5596 --- [restartedMain] aWebConfiguration$JpaWebMvcConfiguration : spring.jpa.open-in-view is enabled by default. Therefore, database queries may be performed during view rendering. Explicitly configure spring.jpa.open-in-view to disable this warning
2020-04-06 00:01:13.298  INFO 5596 --- [restartedMain] d.s.w.p.DocumentationPluginsBootstrapper : Context refreshed
2020-04-06 00:01:13.698  INFO 5596 --- [restartedMain] d.s.w.p.DocumentationPluginsBootstrapper : Found 1 custom documentation plugin(s)
2020-04-06 00:01:13.782  INFO 5596 --- [restartedMain] s.d.s.w.s.ApiListingReferenceScanner     : Scanning for api listing references
2020-04-06 00:01:15.668  INFO 5596 --- [restartedMain] o.s.b.w.embedded.tomcat.TomcatWebServer  : Tomcat started on port(s): 3333 (http) with context path '/EKart_Server'
2020-04-06 00:01:15.678  INFO 5596 --- [restartedMain] com.infy.ekart.EKartApplication          : Started EKartApplication in 36.809 seconds (JVM running for 38.03)
2020-04-06 00:16:09.157  INFO 5596 --- [http-nio-3333-exec-1] o.a.c.c.C.[.[localhost].[/EKart_Server]  : Initializing Spring DispatcherServlet 'dispatcherServlet'
2020-04-06 00:16:09.886  INFO 5596 --- [http-nio-3333-exec-1] o.s.web.servlet.DispatcherServlet        : Initializing Servlet 'dispatcherServlet'
2020-04-06 00:17:13.855  INFO 5596 --- [http-nio-3333-exec-1] o.s.web.servlet.DispatcherServlet        : Completed initialization in 63936 ms
2020-04-06 00:17:21.700  INFO 5596 --- [http-nio-3333-exec-1] com.infy.ekart.api.CustomerAPI           : CUSTOMER TRYING TO LOGIN, VALIDATING CREDENTIALS. CUSTOMER EMAIL ID: tom@infosys.com
2020-04-06 00:17:28.641  INFO 5596 --- [http-nio-3333-exec-1] o.h.h.i.QueryTranslatorFactoryInitiator  : HHH000397: Using ASTQueryTranslatorFactory
2020-04-06 00:17:34.616  INFO 5596 --- [http-nio-3333-exec-1] com.infy.ekart.api.CustomerAPI           : CUSTOMER LOGIN SUCCESS, CUSTOMER EMAIL : tom@infosys.com
2020-04-06 00:25:59.913  INFO 5596 --- [http-nio-3333-exec-6] com.infy.ekart.api.CustomerAPI           : CUSTOMER TRYING TO LOGIN, VALIDATING CREDENTIALS. CUSTOMER EMAIL ID: harry@infosys.com
2020-04-06 00:26:00.094  INFO 5596 --- [http-nio-3333-exec-6] com.infy.ekart.api.CustomerAPI           : CUSTOMER LOGIN SUCCESS, CUSTOMER EMAIL : harry@infosys.com
2020-04-06 17:39:12.171  INFO 4976 --- [restartedMain] com.infy.ekart.EKartApplication          : Starting EKartApplication on THANEESH with PID 4976 (C:\Users\Likitha\Downloads\EKart_Server\EKart_Server\target\classes started by Likitha in C:\Users\Likitha\Downloads\EKart_Server\EKart_Server)
2020-04-06 17:39:12.232  INFO 4976 --- [restartedMain] com.infy.ekart.EKartApplication          : No active profile set, falling back to default profiles: default
2020-04-06 17:39:12.812  INFO 4976 --- [restartedMain] .e.DevToolsPropertyDefaultsPostProcessor : Devtools property defaults active! Set 'spring.devtools.add-properties' to 'false' to disable
2020-04-06 17:39:12.857  INFO 4976 --- [restartedMain] .e.DevToolsPropertyDefaultsPostProcessor : For additional web related logging consider setting the 'logging.level.web' property to 'DEBUG'
2020-04-06 17:39:22.763  INFO 4976 --- [restartedMain] .s.d.r.c.RepositoryConfigurationDelegate : Bootstrapping Spring Data repositories in DEFAULT mode.
2020-04-06 17:39:22.921  INFO 4976 --- [restartedMain] .s.d.r.c.RepositoryConfigurationDelegate : Finished Spring Data repository scanning in 116ms. Found 0 repository interfaces.
2020-04-06 17:39:24.862  INFO 4976 --- [restartedMain] trationDelegate$BeanPostProcessorChecker : Bean 'org.springframework.transaction.annotation.ProxyTransactionManagementConfiguration' of type [org.springframework.transaction.annotation.ProxyTransactionManagementConfiguration$$EnhancerBySpringCGLIB$$5771a505] is not eligible for getting processed by all BeanPostProcessors (for example: not eligible for auto-proxying)
2020-04-06 17:39:35.100  INFO 4976 --- [restartedMain] o.s.b.w.embedded.tomcat.TomcatWebServer  : Tomcat initialized with port(s): 3333 (http)
2020-04-06 17:39:35.288  INFO 4976 --- [restartedMain] o.apache.catalina.core.StandardService   : Starting service [Tomcat]
2020-04-06 17:39:35.290  INFO 4976 --- [restartedMain] org.apache.catalina.core.StandardEngine  : Starting Servlet Engine: Apache Tomcat/9.0.13
2020-04-06 17:39:35.470  INFO 4976 --- [restartedMain] o.a.catalina.core.AprLifecycleListener   : The APR based Apache Tomcat Native library which allows optimal performance in production environments was not found on the java.library.path: [C:\Program Files\AdoptOpenJDK\jdk-8.0.242.08-openj9\jre\bin\compressedrefs;C:\Program Files\AdoptOpenJDK\jdk-8.0.242.08-openj9\jre\bin;C:\Windows\system32;C:\Windows;C:/Program Files/AdoptOpenJDK/jdk-8.0.242.08-openj9/bin/../jre/bin/j9vm;C:/Program Files/AdoptOpenJDK/jdk-8.0.242.08-openj9/bin/../jre/bin;C:/Program Files/AdoptOpenJDK/jdk-8.0.242.08-openj9/bin/../jre/lib/amd64;C:\Program Files\AdoptOpenJDK\jdk-8.0.242.08-openj9\bin;C:\Users\Likitha\Downloads\apache-maven-3.6.3-bin\apache-maven-3.6.3\bin;C:\Program Files\apache-maven-3.6.3-bin\apache-maven-3.6.3\bin;C:\Program Files\nodejs\;C:\Users\Likitha\Desktop\xampp\mysql\bin;C:\Program Files\Git\cmd;C:\Users\Likitha\Desktop\New folder\mysql\bin;C:\Program Files\apache-maven-3.6.3-bin\apache-maven-3.6.3\bin;C:\Users\Likitha\AppData\Local\Programs\Microsoft VS Code\bin;C:\Users\Likitha\AppData\Roaming\npm;C:\Users\Likitha\Downloads\eclipse-jee-2019-09-R-win32-x86_64\eclipse;;.]
2020-04-06 17:39:36.498  INFO 4976 --- [restartedMain] o.a.c.c.C.[.[localhost].[/EKart_Server]  : Initializing Spring embedded WebApplicationContext
2020-04-06 17:39:36.501  INFO 4976 --- [restartedMain] o.s.web.context.ContextLoader            : Root WebApplicationContext: initialization completed in 23638 ms
2020-04-06 17:39:37.533  INFO 4976 --- [restartedMain] com.zaxxer.hikari.HikariDataSource       : HikariPool-1 - Starting...
2020-04-06 17:39:41.580  INFO 4976 --- [restartedMain] com.zaxxer.hikari.HikariDataSource       : HikariPool-1 - Start completed.
2020-04-06 17:39:42.119  INFO 4976 --- [restartedMain] o.hibernate.jpa.internal.util.LogHelper  : HHH000204: Processing PersistenceUnitInfo [
	name: default
	...]
2020-04-06 17:39:50.229  INFO 4976 --- [restartedMain] org.hibernate.Version                    : HHH000412: Hibernate Core {5.3.7.Final}
2020-04-06 17:39:50.303  INFO 4976 --- [restartedMain] org.hibernate.cfg.Environment            : HHH000206: hibernate.properties not found
2020-04-06 17:39:59.767  INFO 4976 --- [restartedMain] o.hibernate.annotations.common.Version   : HCANN000001: Hibernate Commons Annotations {5.0.4.Final}
2020-04-06 17:40:05.789  INFO 4976 --- [restartedMain] org.hibernate.dialect.Dialect            : HHH000400: Using dialect: org.hibernate.dialect.MySQL5Dialect
2020-04-06 17:40:14.628  INFO 4976 --- [restartedMain] j.LocalContainerEntityManagerFactoryBean : Initialized JPA EntityManagerFactory for persistence unit 'default'
2020-04-06 17:40:17.209  INFO 4976 --- [restartedMain] pertySourcedRequestMappingHandlerMapping : Mapped URL path [/v2/api-docs] onto method [public org.springframework.http.ResponseEntity<springfox.documentation.spring.web.json.Json> springfox.documentation.swagger2.web.Swagger2Controller.getDocumentation(java.lang.String,javax.servlet.http.HttpServletRequest)]
2020-04-06 17:40:17.884  INFO 4976 --- [restartedMain] o.s.b.d.a.OptionalLiveReloadServer       : LiveReload server is running on port 35729
2020-04-06 17:40:18.473  WARN 4976 --- [restartedMain] aWebConfiguration$JpaWebMvcConfiguration : spring.jpa.open-in-view is enabled by default. Therefore, database queries may be performed during view rendering. Explicitly configure spring.jpa.open-in-view to disable this warning
2020-04-06 17:40:19.812  INFO 4976 --- [restartedMain] d.s.w.p.DocumentationPluginsBootstrapper : Context refreshed
2020-04-06 17:40:19.923  INFO 4976 --- [restartedMain] d.s.w.p.DocumentationPluginsBootstrapper : Found 1 custom documentation plugin(s)
2020-04-06 17:40:20.007  INFO 4976 --- [restartedMain] s.d.s.w.s.ApiListingReferenceScanner     : Scanning for api listing references
2020-04-06 17:40:21.551  INFO 4976 --- [restartedMain] o.s.b.w.embedded.tomcat.TomcatWebServer  : Tomcat started on port(s): 3333 (http) with context path '/EKart_Server'
2020-04-06 17:40:21.608  INFO 4976 --- [restartedMain] com.infy.ekart.EKartApplication          : Started EKartApplication in 76.636 seconds (JVM running for 90.358)
2020-04-06 17:49:32.599  INFO 4976 --- [http-nio-3333-exec-1] o.a.c.c.C.[.[localhost].[/EKart_Server]  : Initializing Spring DispatcherServlet 'dispatcherServlet'
2020-04-06 17:49:32.830  INFO 4976 --- [http-nio-3333-exec-1] o.s.web.servlet.DispatcherServlet        : Initializing Servlet 'dispatcherServlet'
2020-04-06 17:49:41.293  INFO 4976 --- [http-nio-3333-exec-1] o.s.web.servlet.DispatcherServlet        : Completed initialization in 8453 ms
2020-04-06 17:50:12.789  INFO 4976 --- [http-nio-3333-exec-1] com.infy.ekart.api.CustomerAPI           : CUSTOMER TRYING TO LOGIN, VALIDATING CREDENTIALS. CUSTOMER EMAIL ID: tom@infosys.com
2020-04-06 17:50:50.672  INFO 4976 --- [http-nio-3333-exec-1] o.h.h.i.QueryTranslatorFactoryInitiator  : HHH000397: Using ASTQueryTranslatorFactory
2020-04-06 17:51:33.148  INFO 4976 --- [http-nio-3333-exec-1] com.infy.ekart.api.CustomerAPI           : CUSTOMER LOGIN SUCCESS, CUSTOMER EMAIL : tom@infosys.com
2020-04-06 18:09:51.881  WARN 4976 --- [HikariPool-1 housekeeper] com.zaxxer.hikari.pool.HikariPool        : HikariPool-1 - Thread starvation or clock leap detected (housekeeper delta=1m8s995ms277µs962ns).
2020-04-06 18:11:41.066  WARN 4976 --- [HikariPool-1 housekeeper] com.zaxxer.hikari.pool.HikariPool        : HikariPool-1 - Thread starvation or clock leap detected (housekeeper delta=1m54s545ms457µs429ns).
2020-04-06 18:40:26.573  WARN 4976 --- [HikariPool-1 housekeeper] com.zaxxer.hikari.pool.HikariPool        : HikariPool-1 - Thread starvation or clock leap detected (housekeeper delta=1m25s415ms955µs469ns).
2020-04-06 18:47:41.302  INFO 4976 --- [http-nio-3333-exec-10] com.infy.ekart.api.CustomerAPI           : CUSTOMER TRYING TO LOGIN, VALIDATING CREDENTIALS. CUSTOMER EMAIL ID: tom@infosys.com
2020-04-06 18:48:08.021  INFO 4976 --- [http-nio-3333-exec-10] com.infy.ekart.api.CustomerAPI           : CUSTOMER LOGIN SUCCESS, CUSTOMER EMAIL : tom@infosys.com
